<?xml version="1.0" encoding="UTF-8"?>
<testsuite xmlns:xsi="http://www.w3.org/2001/XMLSchema-instance" xsi:noNamespaceSchemaLocation="https://maven.apache.org/surefire/maven-surefire-plugin/xsd/surefire-test-report.xsd" version="3.0.2" name="com.example.gateway.TransactionControllerTest" time="7.857" tests="1" errors="0" skipped="0" failures="0">
  <properties>
[...]
</properties>
  <testcase name="rejectsNonSupportedCardRange" classname="com.example.gateway.TransactionControllerTest" time="1.529">
    <system-out><![CDATA[14:57:51.922 [main] INFO org.springframework.test.context.support.AnnotationConfigContextLoaderUtils -- Could not detect default configuration classes for test class [com.example.gateway.TransactionControllerTest]: TransactionControllerTest does not declare any static, non-private, non-final, nested classes annotated with @Configuration.
14:57:52.493 [main] INFO org.springframework.boot.test.context.SpringBootTestContextBootstrapper -- Found @SpringBootConfiguration com.example.gateway.GatewayApplication for test class com.example.gateway.TransactionControllerTest
2025-08-24T14:57:53.654+05:30  INFO 44172 --- [           main] c.e.gateway.TransactionControllerTest    : Starting TransactionControllerTest using Java 23 with PID 44172 (started by DELL in C:\Users\DELL\Downloads\banking-poc\system1-gateway)
2025-08-24T14:57:53.662+05:30  INFO 44172 --- [           main] c.e.gateway.TransactionControllerTest    : No active profile set, falling back to 1 default profile: "default"
2025-08-24T14:57:56.086+05:30  INFO 44172 --- [           main] o.s.b.w.embedded.tomcat.TomcatWebServer  : Tomcat initialized with port 0 (http)
2025-08-24T14:57:56.116+05:30  INFO 44172 --- [           main] o.apache.catalina.core.StandardService   : Starting service [Tomcat]
2025-08-24T14:57:56.117+05:30  INFO 44172 --- [           main] o.apache.catalina.core.StandardEngine    : Starting Servlet engine: [Apache Tomcat/10.1.44]
2025-08-24T14:57:56.264+05:30  INFO 44172 --- [           main] o.a.c.c.C.[Tomcat].[localhost].[/]       : Initializing Spring embedded WebApplicationContext
2025-08-24T14:57:56.265+05:30  INFO 44172 --- [           main] w.s.c.ServletWebServerApplicationContext : Root WebApplicationContext: initialization completed in 2545 ms
2025-08-24T14:57:57.949+05:30  INFO 44172 --- [           main] o.s.b.w.embedded.tomcat.TomcatWebServer  : Tomcat started on port 59072 (http) with context path '/'
2025-08-24T14:57:57.961+05:30  INFO 44172 --- [           main] c.e.gateway.TransactionControllerTest    : Started TransactionControllerTest in 5.033 seconds (process running for 7.219)
2025-08-24T14:57:59.289+05:30  INFO 44172 --- [o-auto-1-exec-1] o.a.c.c.C.[Tomcat].[localhost].[/]       : Initializing Spring DispatcherServlet 'dispatcherServlet'
2025-08-24T14:57:59.290+05:30  INFO 44172 --- [o-auto-1-exec-1] o.s.web.servlet.DispatcherServlet        : Initializing Servlet 'dispatcherServlet'
2025-08-24T14:57:59.294+05:30  INFO 44172 --- [o-auto-1-exec-1] o.s.web.servlet.DispatcherServlet        : Completed initialization in 3 ms
]]></system-out>
    <system-err><![CDATA[Mockito is currently self-attaching to enable the inline-mock-maker. This will no longer work in future releases of the JDK. Please add Mockito as an agent to your build as described in Mockito's documentation: https://javadoc.io/doc/org.mockito/mockito-core/latest/org.mockito/org/mockito/Mockito.html#0.3
WARNING: A Java agent has been loaded dynamically (C:\Users\DELL\.m2\repository\net\bytebuddy\byte-buddy-agent\1.17.7\byte-buddy-agent-1.17.7.jar)
WARNING: If a serviceability tool is in use, please run with -XX:+EnableDynamicAgentLoading to hide this warning
WARNING: If a serviceability tool is not in use, please run with -Djdk.instrument.traceUsage for more information
WARNING: Dynamic loading of agents will be disallowed by default in a future release
]]></system-err>
  </testcase>
</testsuite>